<?xml version="1.0" encoding="utf-8"?>
<CoverageSession xmlns:xsd="http://www.w3.org/2001/XMLSchema" xmlns:xsi="http://www.w3.org/2001/XMLSchema-instance">
  <Summary numSequencePoints="0" visitedSequencePoints="0" numBranchPoints="0" visitedBranchPoints="0" sequenceCoverage="0" branchCoverage="0" maxCyclomaticComplexity="0" minCyclomaticComplexity="0" />
  <Modules>
    <Module skippedDueTo="Filter" hash="5E-B7-0A-AD-00-B1-1D-4E-7B-99-1D-47-A7-F0-A4-4C-11-A4-8E-12">
      <FullName>C:\Windows\assembly\GAC_64\mscorlib\2.0.0.0__b77a5c561934e089\mscorlib.dll</FullName>
      <ModuleName>mscorlib</ModuleName>
      <Classes />
    </Module>
    <Module skippedDueTo="Filter" hash="F9-04-A8-31-CD-FB-23-72-95-63-5D-14-9A-A0-66-8E-7F-44-93-7A">
      <FullName>C:\Windows\assembly\GAC_64\mscorlib\2.0.0.0__b77a5c561934e089\sorttbls.nlp</FullName>
      <ModuleName>mscorlib</ModuleName>
      <Classes />
    </Module>
    <Module skippedDueTo="MissingPdb" hash="F9-CA-B6-79-63-CB-31-8A-0D-DC-C3-D0-43-F8-28-C3-F0-95-F9-E7">
      <FullName>C:\Users\mmartin\code\myCareersResearch\Web\MyCareer\packages\NUnit.Runners.2.6.3\tools\nunit-console.exe</FullName>
      <ModuleName>nunit-console</ModuleName>
      <Classes />
    </Module>
    <Module skippedDueTo="Filter" hash="6E-30-2E-50-36-FB-60-2C-8E-50-C0-83-54-8B-CC-EA-A8-91-B6-CC">
      <FullName>C:\Windows\assembly\GAC_64\mscorlib\2.0.0.0__b77a5c561934e089\sortkey.nlp</FullName>
      <ModuleName>mscorlib</ModuleName>
      <Classes />
    </Module>
    <Module skippedDueTo="MissingPdb" hash="2A-C4-E5-DE-F3-EE-AD-84-E1-65-84-CC-15-90-76-96-E7-01-44-4E">
      <FullName>C:\Users\mmartin\code\myCareersResearch\Web\MyCareer\packages\NUnit.Runners.2.6.3\tools\lib\nunit-console-runner.dll</FullName>
      <ModuleName>nunit-console-runner</ModuleName>
      <Classes />
    </Module>
    <Module skippedDueTo="MissingPdb" hash="33-E1-CA-24-52-5A-B7-C7-C4-AF-91-2C-A9-4A-C0-37-67-0D-5B-FE">
      <FullName>C:\Users\mmartin\code\myCareersResearch\Web\MyCareer\packages\NUnit.Runners.2.6.3\tools\lib\nunit.core.dll</FullName>
      <ModuleName>nunit.core</ModuleName>
      <Classes />
    </Module>
    <Module skippedDueTo="MissingPdb" hash="74-74-F6-87-59-E1-5F-4F-5F-5E-6E-82-50-E8-E2-46-D4-86-15-76">
      <FullName>C:\Users\mmartin\code\myCareersResearch\Web\MyCareer\packages\NUnit.Runners.2.6.3\tools\lib\nunit.util.dll</FullName>
      <ModuleName>nunit.util</ModuleName>
      <Classes />
    </Module>
    <Module skippedDueTo="MissingPdb" hash="D3-A4-4D-85-55-F7-CE-EF-A5-90-AA-EF-58-E0-9F-B6-CC-27-99-53">
      <FullName>C:\Users\mmartin\code\myCareersResearch\Web\MyCareer\packages\NUnit.Runners.2.6.3\tools\lib\nunit.core.interfaces.dll</FullName>
      <ModuleName>nunit.core.interfaces</ModuleName>
      <Classes />
    </Module>
    <Module skippedDueTo="Filter" hash="2C-99-EE-29-D5-25-03-C4-0E-40-26-9B-F7-DF-C2-68-6E-74-74-31">
      <FullName>C:\Windows\assembly\GAC_MSIL\System.Configuration\2.0.0.0__b03f5f7f11d50a3a\System.Configuration.dll</FullName>
      <ModuleName>System.Configuration</ModuleName>
      <Classes />
    </Module>
    <Module skippedDueTo="Filter" hash="D3-99-70-9D-4C-FD-70-CC-82-00-AA-75-7A-54-8C-25-AC-54-B1-BF">
      <FullName>C:\Windows\assembly\GAC_MSIL\System\2.0.0.0__b77a5c561934e089\System.dll</FullName>
      <ModuleName>System</ModuleName>
      <Classes />
    </Module>
    <Module skippedDueTo="Filter" hash="C4-AD-0A-97-FF-1D-61-5F-88-89-A6-25-BD-02-5E-E5-F5-1D-6F-20">
      <FullName>C:\Windows\assembly\GAC_MSIL\System.Xml\2.0.0.0__b77a5c561934e089\System.Xml.dll</FullName>
      <ModuleName>System.Xml</ModuleName>
      <Classes />
    </Module>
    <Module skippedDueTo="Filter" hash="6D-AB-A6-3D-D1-4A-D1-F2-BE-B2-DF-34-58-20-84-66-6B-4D-8A-A5">
      <FullName>C:\Windows\assembly\GAC_MSIL\System.Runtime.Remoting\2.0.0.0__b77a5c561934e089\System.Runtime.Remoting.dll</FullName>
      <ModuleName>System.Runtime.Remoting</ModuleName>
      <Classes />
    </Module>
    <Module skippedDueTo="Filter" hash="0D-96-F6-4F-F5-BE-F1-5E-07-DD-20-C4-04-E5-80-8B-81-52-C7-5F">
      <FullName>C:\Windows\Microsoft.Net\assembly\GAC_64\mscorlib\v4.0_4.0.0.0__b77a5c561934e089\mscorlib.dll</FullName>
      <ModuleName>mscorlib</ModuleName>
      <Classes />
    </Module>
    <Module skippedDueTo="MissingPdb" hash="87-52-C5-B2-2F-D3-F5-4F-58-BF-89-4A-88-59-6D-CE-F4-7F-6A-3B">
      <FullName>C:\Users\mmartin\code\myCareersResearch\Web\MyCareer\packages\NUnit.Runners.2.6.3\tools\nunit-agent.exe</FullName>
      <ModuleName>nunit-agent</ModuleName>
      <Classes />
    </Module>
    <Module skippedDueTo="MissingPdb" hash="33-E1-CA-24-52-5A-B7-C7-C4-AF-91-2C-A9-4A-C0-37-67-0D-5B-FE">
      <FullName>C:\Users\mmartin\code\myCareersResearch\Web\MyCareer\packages\NUnit.Runners.2.6.3\tools\lib\nunit.core.dll</FullName>
      <ModuleName>nunit.core</ModuleName>
      <Classes />
    </Module>
    <Module skippedDueTo="MissingPdb" hash="74-74-F6-87-59-E1-5F-4F-5F-5E-6E-82-50-E8-E2-46-D4-86-15-76">
      <FullName>C:\Users\mmartin\code\myCareersResearch\Web\MyCareer\packages\NUnit.Runners.2.6.3\tools\lib\nunit.util.dll</FullName>
      <ModuleName>nunit.util</ModuleName>
      <Classes />
    </Module>
    <Module skippedDueTo="MissingPdb" hash="D3-A4-4D-85-55-F7-CE-EF-A5-90-AA-EF-58-E0-9F-B6-CC-27-99-53">
      <FullName>C:\Users\mmartin\code\myCareersResearch\Web\MyCareer\packages\NUnit.Runners.2.6.3\tools\lib\nunit.core.interfaces.dll</FullName>
      <ModuleName>nunit.core.interfaces</ModuleName>
      <Classes />
    </Module>
    <Module skippedDueTo="Filter" hash="8F-46-4B-BE-28-40-30-A2-E6-52-58-36-C3-F3-E3-75-03-AF-F4-FC">
      <FullName>C:\Windows\Microsoft.Net\assembly\GAC_MSIL\System\v4.0_4.0.0.0__b77a5c561934e089\System.dll</FullName>
      <ModuleName>System</ModuleName>
      <Classes />
    </Module>
    <Module skippedDueTo="Filter" hash="65-BE-6B-9B-9C-55-6A-4D-DB-BD-03-60-FD-69-20-48-31-78-A9-5B">
      <FullName>C:\Windows\Microsoft.Net\assembly\GAC_MSIL\System.Runtime.Remoting\v4.0_4.0.0.0__b77a5c561934e089\System.Runtime.Remoting.dll</FullName>
      <ModuleName>System.Runtime.Remoting</ModuleName>
      <Classes />
    </Module>
    <Module skippedDueTo="Filter" hash="8F-6E-E8-4F-40-6A-75-31-1B-08-C2-22-D5-EA-FE-23-3B-7B-82-15">
      <FullName>C:\Windows\Microsoft.Net\assembly\GAC_MSIL\System.Configuration\v4.0_4.0.0.0__b03f5f7f11d50a3a\System.Configuration.dll</FullName>
      <ModuleName>System.Configuration</ModuleName>
      <Classes />
    </Module>
    <Module skippedDueTo="Filter" hash="2E-28-A3-E7-4F-05-75-91-3B-B4-A6-B7-58-E7-27-B0-EF-F7-52-11">
      <FullName>C:\Windows\Microsoft.Net\assembly\GAC_MSIL\System.Xml\v4.0_4.0.0.0__b77a5c561934e089\System.Xml.dll</FullName>
      <ModuleName>System.Xml</ModuleName>
      <Classes />
    </Module>
    <Module skippedDueTo="Filter" hash="AF-AB-A2-93-73-F5-F3-F0-44-45-C5-36-75-33-EB-92-11-C0-08-7A">
      <FullName>C:\Windows\Microsoft.Net\assembly\GAC_64\System.Web\v4.0_4.0.0.0__b03f5f7f11d50a3a\System.Web.dll</FullName>
      <ModuleName>System.Web</ModuleName>
      <Classes />
    </Module>
    <Module skippedDueTo="Filter" hash="7B-D4-98-B0-50-03-AE-42-25-8D-39-B3-3D-2B-77-F1-BB-8E-63-2E">
      <FullName>C:\Windows\assembly\GAC_64\System.Web\2.0.0.0__b03f5f7f11d50a3a\System.Web.dll</FullName>
      <ModuleName>System.Web</ModuleName>
      <Classes />
    </Module>
    <Module skippedDueTo="MissingPdb" hash="33-E1-CA-24-52-5A-B7-C7-C4-AF-91-2C-A9-4A-C0-37-67-0D-5B-FE">
      <FullName>C:\Users\mmartin\code\myCareersResearch\Web\MyCareer\packages\NUnit.Runners.2.6.3\tools\lib\nunit.core.dll</FullName>
      <ModuleName>nunit.core</ModuleName>
      <Classes />
    </Module>
    <Module skippedDueTo="Filter" hash="8F-46-4B-BE-28-40-30-A2-E6-52-58-36-C3-F3-E3-75-03-AF-F4-FC">
      <FullName>C:\Windows\Microsoft.Net\assembly\GAC_MSIL\System\v4.0_4.0.0.0__b77a5c561934e089\System.dll</FullName>
      <ModuleName>System</ModuleName>
      <Classes />
    </Module>
    <Module skippedDueTo="MissingPdb" hash="B6-96-0F-77-90-5D-5D-2F-9A-F2-9F-C4-E5-75-AD-9C-ED-57-F3-17">
      <FullName>C:\Users\mmartin\code\myCareersResearch\Web\MyCareer\packages\NUnit.Runners.2.6.3\tools\pnunit.framework.dll</FullName>
      <ModuleName>pnunit.framework</ModuleName>
      <Classes />
    </Module>
    <Module skippedDueTo="MissingPdb" hash="BF-1D-D7-35-9F-DE-AD-6C-C5-85-0E-59-71-C4-80-76-13-06-73-54">
      <FullName>C:\Users\mmartin\code\myCareersResearch\Web\MyCareer\packages\NUnit.Runners.2.6.3\tools\pnunit-agent.exe</FullName>
      <ModuleName>pnunit-agent</ModuleName>
      <Classes />
    </Module>
    <Module skippedDueTo="MissingPdb" hash="D3-A4-4D-85-55-F7-CE-EF-A5-90-AA-EF-58-E0-9F-B6-CC-27-99-53">
      <FullName>C:\Users\mmartin\code\myCareersResearch\Web\MyCareer\packages\NUnit.Runners.2.6.3\tools\lib\nunit.core.interfaces.dll</FullName>
      <ModuleName>nunit.core.interfaces</ModuleName>
      <Classes />
    </Module>
    <Module skippedDueTo="MissingPdb" hash="D7-E3-86-52-3C-FF-38-FA-9C-10-B8-20-78-85-20-8F-DF-EA-91-E2">
      <FullName>C:\Users\mmartin\AppData\Local\Temp\nunit20\ShadowCopyCache\44816_635485423007767884\Tests_1198870569\assembly\dl3\e6081813\e23038a0_a6e4cf01\BasicTypes.dll</FullName>
      <ModuleName>BasicTypes</ModuleName>
      <Classes />
    </Module>
    <Module skippedDueTo="Filter" hash="F0-AC-29-46-F9-CE-FF-96-AE-EE-4F-C0-DE-9E-59-D3-7E-1B-ED-08">
      <FullName>C:\Windows\Microsoft.Net\assembly\GAC_MSIL\System.Core\v4.0_4.0.0.0__b77a5c561934e089\System.Core.dll</FullName>
      <ModuleName>System.Core</ModuleName>
      <Classes />
    </Module>
    <Module skippedDueTo="MissingPdb" hash="42-83-FE-A6-9F-01-8E-2C-E8-41-E9-25-3E-1E-0D-99-81-76-6B-C9">
      <FullName>C:\Users\mmartin\AppData\Local\Temp\nunit20\ShadowCopyCache\44816_635485423007767884\Tests_1198870569\assembly\dl3\6c8289b3\de552e76_06e3cf01\nunit.framework.dll</FullName>
      <ModuleName>nunit.framework</ModuleName>
      <Classes />
    </Module>
    <Module skippedDueTo="MissingPdb" hash="2A-C4-E5-DE-F3-EE-AD-84-E1-65-84-CC-15-90-76-96-E7-01-44-4E">
      <FullName>C:\Users\mmartin\code\myCareersResearch\Web\MyCareer\packages\NUnit.Runners.2.6.3\tools\lib\nunit-console-runner.dll</FullName>
      <ModuleName>nunit-console-runner</ModuleName>
      <Classes />
    </Module>
    <Module skippedDueTo="Filter" hash="65-BE-6B-9B-9C-55-6A-4D-DB-BD-03-60-FD-69-20-48-31-78-A9-5B">
      <FullName>C:\Windows\Microsoft.Net\assembly\GAC_MSIL\System.Runtime.Remoting\v4.0_4.0.0.0__b77a5c561934e089\System.Runtime.Remoting.dll</FullName>
      <ModuleName>System.Runtime.Remoting</ModuleName>
      <Classes />
    </Module>
    <Module skippedDueTo="Filter" hash="8F-6E-E8-4F-40-6A-75-31-1B-08-C2-22-D5-EA-FE-23-3B-7B-82-15">
      <FullName>C:\Windows\Microsoft.Net\assembly\GAC_MSIL\System.Configuration\v4.0_4.0.0.0__b03f5f7f11d50a3a\System.Configuration.dll</FullName>
      <ModuleName>System.Configuration</ModuleName>
      <Classes />
    </Module>
    <Module skippedDueTo="Filter" hash="2E-28-A3-E7-4F-05-75-91-3B-B4-A6-B7-58-E7-27-B0-EF-F7-52-11">
      <FullName>C:\Windows\Microsoft.Net\assembly\GAC_MSIL\System.Xml\v4.0_4.0.0.0__b77a5c561934e089\System.Xml.dll</FullName>
      <ModuleName>System.Xml</ModuleName>
      <Classes />
    </Module>
    <Module skippedDueTo="MissingPdb" hash="3F-57-F9-45-37-DF-D1-42-0C-99-97-C9-98-DB-BD-45-7E-2E-6D-B3">
      <FullName>C:\Windows\Microsoft.Net\assembly\GAC_MSIL\sysglobl\v4.0_4.0.0.0__b03f5f7f11d50a3a\sysglobl.dll</FullName>
      <ModuleName>sysglobl</ModuleName>
      <Classes />
    </Module>
  </Modules>
</CoverageSession>